{
  "RSpec": {
    "coverage": {
      "/Users/hotungamorehuelkington/Desktop/Projects/Group-Work/Makers-BNB/spec/features/booking_spec.rb": {
        "lines": [
          1,
          null,
          null,
          1,
          1,
          1,
          1,
          1,
          1,
          null,
          null
        ]
      },
      "/Users/hotungamorehuelkington/Desktop/Projects/Group-Work/Makers-BNB/spec/web_helper.rb": {
        "lines": [
          1,
          null,
          1,
          null,
          3,
          null,
          null,
          null,
          3,
          3,
          3,
          9,
          null,
          3,
          null
        ]
      },
      "/Users/hotungamorehuelkington/Desktop/Projects/Group-Work/Makers-BNB/spec/features/create_spec.rb": {
        "lines": [
          1,
          1,
          1,
          null,
          1,
          1,
          1,
          1,
          1,
          1,
          1,
          1,
          1,
          null,
          null,
          1,
          1,
          1,
          1,
          1,
          1,
          1,
          null,
          1,
          null,
          null,
          null
        ]
      },
      "/Users/hotungamorehuelkington/Desktop/Projects/Group-Work/Makers-BNB/spec/features/lists_all_spaces_spec.rb": {
        "lines": [
          1,
          1,
          1,
          1,
          1,
          1,
          3,
          3,
          3,
          3,
          null,
          null,
          null,
          null
        ]
      },
      "/Users/hotungamorehuelkington/Desktop/Projects/Group-Work/Makers-BNB/spec/unit/booking_spec.rb": {
        "lines": [
          1,
          null,
          3,
          null,
          1,
          1,
          null,
          null,
          1,
          1,
          null,
          null,
          null
        ]
      },
      "/Users/hotungamorehuelkington/Desktop/Projects/Group-Work/Makers-BNB/spec/unit/create_spec.rb": {
        "lines": [
          1,
          null,
          1,
          null,
          2,
          2,
          null,
          1,
          1,
          null,
          null,
          1,
          1,
          null,
          null,
          null
        ]
      },
      "/Users/hotungamorehuelkington/Desktop/Projects/Group-Work/Makers-BNB/spec/unit/init_db_conn_spec.rb": {
        "lines": [
          1,
          null,
          1,
          null,
          1,
          1,
          1,
          2,
          null,
          null,
          null
        ]
      },
      "/Users/hotungamorehuelkington/Desktop/Projects/Group-Work/Makers-BNB/spec/unit/space_spec.rb": {
        "lines": [
          1,
          1,
          1,
          1,
          1,
          1,
          1,
          1,
          null,
          null
        ]
      },
      "/Users/hotungamorehuelkington/Desktop/Projects/Group-Work/Makers-BNB/spec/unit/user_spec.rb": {
        "lines": [
          null,
          null,
          1,
          null,
          1,
          4,
          null,
          1,
          1,
          null,
          null,
          1,
          1,
          null,
          null,
          1,
          1,
          1,
          null,
          null,
          1,
          null,
          null,
          null,
          null,
          null,
          null,
          null
        ]
      }
    },
    "timestamp": 1630056525
  }
}
