{
  "RSpec": {
    "coverage": {
      "/Users/radunecsanu/Desktop/Projects/Ruby/Makers-BNB/spec/features/create_spec.rb": {
        "lines": [
          1,
          null,
          1,
          1,
          1,
          1,
          1,
          1,
          1,
          null,
          null,
          null
        ]
      },
      "/Users/radunecsanu/Desktop/Projects/Ruby/Makers-BNB/spec/features/lists_all_spaces_spec.rb": {
        "lines": [
          1,
          1,
          1,
          1,
          1,
          null,
          1,
          1,
          1,
          1,
          1,
          null,
          null,
          null,
          null
        ]
      },
      "/Users/radunecsanu/Desktop/Projects/Ruby/Makers-BNB/spec/web_helper.rb": {
        "lines": [
          1,
          null,
          1,
          null,
          1,
          null,
          null,
          null,
          1,
          1,
          1,
          3,
          null,
          1,
          null
        ]
      },
      "/Users/radunecsanu/Desktop/Projects/Ruby/Makers-BNB/spec/unit/create_spec.rb": {
        "lines": [
          1,
          null,
          1,
          null,
          2,
          2,
          null,
          1,
          1,
          null,
          null,
          1,
          1,
          null,
          null,
          null
        ]
      },
      "/Users/radunecsanu/Desktop/Projects/Ruby/Makers-BNB/lib/create.rb": {
        "lines": [
          1,
          1,
          null,
          1,
          null,
          1,
          3,
          3,
          15,
          15,
          15,
          15,
          15,
          null,
          3,
          null,
          null,
          1,
          0,
          0,
          0,
          0,
          0,
          null,
          0,
          0,
          null,
          null,
          null
        ]
      },
      "/Users/radunecsanu/Desktop/Projects/Ruby/Makers-BNB/lib/string.rb": {
        "lines": [
          1,
          null,
          1,
          null,
          1,
          0,
          null,
          null,
          1,
          0,
          null,
          null,
          1,
          0,
          null,
          null,
          null
        ]
      },
      "/Users/radunecsanu/Desktop/Projects/Ruby/Makers-BNB/spec/unit/init_db_conn_spec.rb": {
        "lines": [
          1,
          null,
          1,
          null,
          1,
          1,
          1,
          2,
          null,
          null,
          null
        ]
      },
      "/Users/radunecsanu/Desktop/Projects/Ruby/Makers-BNB/spec/unit/space_spec.rb": {
        "lines": [
          1,
          1,
          1,
          1,
          1,
          1,
          1,
          1,
          null,
          null
        ]
      },
      "/Users/radunecsanu/Desktop/Projects/Ruby/Makers-BNB/spec/unit/user_spec.rb": {
        "lines": [
          null,
          null,
          1,
          null,
          1,
          1,
          1,
          null,
          null,
          1,
          1,
          1,
          null,
          null,
          null
        ]
      }
    },
    "timestamp": 1629980207
  }
}
